<?xml version="1.0" encoding="UTF-8"?>
<!-- Generated by org.testng.reporters.JUnitReportReporter -->
<testsuite hostname="PDC2-L-139152Z" failures="0" tests="1" name="com.qa.api.tests.GETAPICall" time="4.121" errors="0" timestamp="3 Nov 2023 14:27:57 GMT">
  <testcase classname="com.qa.api.tests.GETAPICall" name="getUsersAPITest" time="4.121"/>
</testsuite> <!-- com.qa.api.tests.GETAPICall -->
