<?xml version="1.0" encoding="UTF-8"?>
<!-- Generated by org.testng.reporters.JUnitReportReporter -->
<testsuite hostname="PDC2-L-139152Z" failures="0" tests="4" name="com.qa.ui.tests.HomePageTest" time="2.792" errors="0" timestamp="3 Nov 2023 14:25:13 GMT">
  <testcase classname="com.qa.ui.tests.HomePageTest" name="login" time="0.619"/>
  <testcase classname="com.qa.ui.tests.HomePageTest" name="addcartItem" time="1.426"/>
  <testcase classname="com.qa.ui.tests.HomePageTest" name="checkoutItem" time="0.613"/>
  <testcase classname="com.qa.ui.tests.HomePageTest" name="OverViewItem" time="0.134"/>
</testsuite> <!-- com.qa.ui.tests.HomePageTest -->
