<?xml version="1.0" encoding="UTF-8"?>
<!-- Generated by org.testng.reporters.JUnitReportReporter -->
<testsuite hostname="BDC14-L-115FVZ6" failures="0" tests="1" name="com.qa.api.tests.GetApi" time="26.547" errors="0" timestamp="2023-11-23T14:36:54 IST" skipped="0">
  <testcase classname="com.qa.api.tests.GetApi" name="getUserApiTest" time="26.547"/>
  <system-out/>
</testsuite> <!-- com.qa.api.tests.GetApi -->
