<?xml version="1.0" encoding="UTF-8"?>
<!-- Generated by org.testng.reporters.JUnitReportReporter -->
<testsuite hostname="BDC14-L-115FVZ6" failures="0" tests="5" name="com.qa.testapp.tests.LoginPageTest" time="21.195" errors="0" timestamp="2023-11-23T14:39:04 IST" skipped="0">
  <testcase classname="com.qa.testapp.tests.LoginPageTest" name="LoginPageTitleTest" time="0.047"/>
  <system-out/>
  <testcase classname="com.qa.testapp.tests.LoginPageTest" name="LoginPageUrlTest" time="0.008"/>
  <system-out/>
  <testcase classname="com.qa.testapp.tests.LoginPageTest" name="Login" time="6.468"/>
  <system-out/>
  <testcase classname="com.qa.testapp.tests.LoginPageTest" name="navigateToYourCartTest" time="6.280"/>
  <system-out/>
  <testcase classname="com.qa.testapp.tests.LoginPageTest" name="CheckOutInfoDetailsTest" time="8.392"/>
  <system-out/>
</testsuite> <!-- com.qa.testapp.tests.LoginPageTest -->
